;  LST file generated by mikroListExporter - v.2.0 
; Date/Time: 6/10/2021 6:53:59 p. m.
;----------------------------------------------

;Address Opcode 	ASM
0x0000	0x291C      	GOTO       284
_RES032:
;__Lib_MathDouble.c,123 :: 		
;__Lib_MathDouble.c,128 :: 		
0x0003	0x01D2      	CLRF       R2
;__Lib_MathDouble.c,129 :: 		
0x0004	0x01D1      	CLRF       R1
;__Lib_MathDouble.c,130 :: 		
0x0005	0x01D0      	CLRF       R0
;__Lib_MathDouble.c,131 :: 		
0x0006	0x01D8      	CLRF       R8
;__Lib_MathDouble.c,132 :: 		
0x0007	0x01D3      	CLRF       R3
;__Lib_MathDouble.c,133 :: 		
0x0008	0x3000      	MOVLW      0
;__Lib_MathDouble.c,135 :: 		
L_end_RES032:
0x0009	0x0008      	RETURN
; end of _RES032
_SETFUN32:
;__Lib_MathDouble.c,138 :: 		
;__Lib_MathDouble.c,145 :: 		
0x000A	0x155B      	BSF        R11, 2
;__Lib_MathDouble.c,146 :: 		
0x000B	0x1FDB      	BTFSS      R11, 7
;__Lib_MathDouble.c,147 :: 		
0x000C	0x2814      	GOTO       SETFUN32EEE
;__Lib_MathDouble.c,148 :: 		
0x000D	0x3001      	MOVLW      1
;__Lib_MathDouble.c,149 :: 		
0x000E	0x00D3      	MOVWF      R3
;__Lib_MathDouble.c,150 :: 		
0x000F	0x01D2      	CLRF       R2
;__Lib_MathDouble.c,151 :: 		
0x0010	0x01D1      	CLRF       R1
;__Lib_MathDouble.c,152 :: 		
0x0011	0x01D0      	CLRF       R0
;__Lib_MathDouble.c,153 :: 		
0x0012	0x0DDA      	RLF        R10, 1
;__Lib_MathDouble.c,154 :: 		
0x0013	0x0CD2      	RRF        R2, 1
;__Lib_MathDouble.c,155 :: 		
SETFUN32EEE:
;__Lib_MathDouble.c,156 :: 		
0x0014	0x30FF      	MOVLW      255
;__Lib_MathDouble.c,158 :: 		
L_end_SETFUN32:
0x0015	0x0008      	RETURN
; end of _SETFUN32
_FIXSIGN32:
;__Lib_MathDouble.c,112 :: 		
;__Lib_MathDouble.c,116 :: 		
0x0016	0x1FDA      	BTFSS      R10, 7
;__Lib_MathDouble.c,117 :: 		
0x0017	0x13D2      	BCF        R2, 7
;__Lib_MathDouble.c,118 :: 		
0x0018	0x3000      	MOVLW      0
;__Lib_MathDouble.c,120 :: 		
L_end_FIXSIGN32:
0x0019	0x0008      	RETURN
; end of _FIXSIGN32
_NRM3232:
;__Lib_MathDouble.c,167 :: 		
;__Lib_MathDouble.c,173 :: 		
;__Lib_MathDouble.c,175 :: 		
0x001A	0x01A0      	CLRF       __math_tempbD
;__Lib_MathDouble.c,176 :: 		
0x001B	0x0852      	MOVF       R2, 0
;__Lib_MathDouble.c,177 :: 		
0x001C	0x1D03      	BTFSS      STATUS, 2
;__Lib_MathDouble.c,178 :: 		
0x001D	0x282F      	GOTO       NORM3232
;__Lib_MathDouble.c,179 :: 		
0x001E	0x0851      	MOVF       R1, 0
;__Lib_MathDouble.c,180 :: 		
0x001F	0x00D2      	MOVWF      R2
;__Lib_MathDouble.c,181 :: 		
0x0020	0x0850      	MOVF       R0, 0
;__Lib_MathDouble.c,182 :: 		
0x0021	0x00D1      	MOVWF      R1
;__Lib_MathDouble.c,183 :: 		
0x0022	0x01D0      	CLRF       R0
;__Lib_MathDouble.c,184 :: 		
0x0023	0x15A0      	BSF        __math_tempbD, 3
;__Lib_MathDouble.c,186 :: 		
0x0024	0x0852      	MOVF       R2, 0
;__Lib_MathDouble.c,187 :: 		
0x0025	0x1D03      	BTFSS      STATUS, 2
;__Lib_MathDouble.c,188 :: 		
0x0026	0x282F      	GOTO       NORM3232
;__Lib_MathDouble.c,189 :: 		
0x0027	0x0851      	MOVF       R1, 0
;__Lib_MathDouble.c,190 :: 		
0x0028	0x00D2      	MOVWF      R2
;__Lib_MathDouble.c,191 :: 		
0x0029	0x01D1      	CLRF       R1
;__Lib_MathDouble.c,192 :: 		
0x002A	0x11A0      	BCF        __math_tempbD, 3
;__Lib_MathDouble.c,193 :: 		
0x002B	0x1620      	BSF        __math_tempbD, 4
;__Lib_MathDouble.c,195 :: 		
0x002C	0x0852      	MOVF       R2, 0
;__Lib_MathDouble.c,196 :: 		
0x002D	0x1903      	BTFSC      STATUS, 2
;__Lib_MathDouble.c,197 :: 		
0x002E	0x283D      	GOTO       JPNRES032
;__Lib_MathDouble.c,198 :: 		
NORM3232:
;__Lib_MathDouble.c,199 :: 		
0x002F	0x0820      	MOVF       __math_tempbD, 0
;__Lib_MathDouble.c,200 :: 		
0x0030	0x02D3      	SUBWF      R3, 1
;__Lib_MathDouble.c,201 :: 		
0x0031	0x1D03      	BTFSS      STATUS, 2
;__Lib_MathDouble.c,202 :: 		
0x0032	0x1C03      	BTFSS      STATUS, 0
;__Lib_MathDouble.c,203 :: 		
0x0033	0x2841      	GOTO       JPNSETFUN32
;__Lib_MathDouble.c,204 :: 		
0x0034	0x1003      	BCF        STATUS, 0
;__Lib_MathDouble.c,205 :: 		
NORM3232A:
;__Lib_MathDouble.c,206 :: 		
0x0035	0x1BD2      	BTFSC      R2, 7
;__Lib_MathDouble.c,207 :: 		
0x0036	0x2845      	GOTO       JMPNFIXSIGN32
;__Lib_MathDouble.c,208 :: 		
0x0037	0x0DD0      	RLF        R0, 1
;__Lib_MathDouble.c,209 :: 		
0x0038	0x0DD1      	RLF        R1, 1
;__Lib_MathDouble.c,210 :: 		
0x0039	0x0DD2      	RLF        R2, 1
;__Lib_MathDouble.c,211 :: 		
0x003A	0x0BD3      	DECFSZ     R3, 1
;__Lib_MathDouble.c,212 :: 		
0x003B	0x2835      	GOTO       NORM3232A
;__Lib_MathDouble.c,213 :: 		
0x003C	0x2841      	GOTO       JPNSETFUN32
;__Lib_MathDouble.c,214 :: 		
JPNRES032:
;__Lib_MathDouble.c,215 :: 		
0x003D	0x3001      	MOVLW      1
;__Lib_MathDouble.c,216 :: 		
0x003E	0x00DC      	MOVWF      R12
;__Lib_MathDouble.c,218 :: 		
0x003F	0x2003      	CALL       _RES032
;__Lib_MathDouble.c,220 :: 		
0x0040	0x2848      	GOTO       NORM32EEE
;__Lib_MathDouble.c,221 :: 		
JPNSETFUN32:
;__Lib_MathDouble.c,222 :: 		
0x0041	0x3002      	MOVLW      2
;__Lib_MathDouble.c,223 :: 		
0x0042	0x00DC      	MOVWF      R12
;__Lib_MathDouble.c,225 :: 		
0x0043	0x200A      	CALL       _SETFUN32
;__Lib_MathDouble.c,227 :: 		
0x0044	0x2848      	GOTO       NORM32EEE
;__Lib_MathDouble.c,228 :: 		
JMPNFIXSIGN32:
;__Lib_MathDouble.c,229 :: 		
0x0045	0x3004      	MOVLW      4
;__Lib_MathDouble.c,230 :: 		
0x0046	0x00DC      	MOVWF      R12
;__Lib_MathDouble.c,232 :: 		
0x0047	0x2016      	CALL       _FIXSIGN32
;__Lib_MathDouble.c,234 :: 		
NORM32EEE:
;__Lib_MathDouble.c,236 :: 		
L_end_NRM3232:
0x0048	0x0008      	RETURN
; end of _NRM3232
_SETFOV32:
;__Lib_MathDouble.c,79 :: 		
;__Lib_MathDouble.c,86 :: 		
0x0049	0x14DB      	BSF        R11, 1
;__Lib_MathDouble.c,87 :: 		
0x004A	0x1FDB      	BTFSS      R11, 7
;__Lib_MathDouble.c,88 :: 		
0x004B	0x2853      	GOTO       SETFOV32EEE
;__Lib_MathDouble.c,89 :: 		
0x004C	0x30FF      	MOVLW      255
;__Lib_MathDouble.c,90 :: 		
0x004D	0x00D3      	MOVWF      R3
;__Lib_MathDouble.c,91 :: 		
0x004E	0x00D2      	MOVWF      R2
;__Lib_MathDouble.c,92 :: 		
0x004F	0x00D1      	MOVWF      R1
;__Lib_MathDouble.c,93 :: 		
0x0050	0x00D0      	MOVWF      R0
;__Lib_MathDouble.c,94 :: 		
0x0051	0x0DDA      	RLF        R10, 1
;__Lib_MathDouble.c,95 :: 		
0x0052	0x0CD2      	RRF        R2, 1
;__Lib_MathDouble.c,96 :: 		
SETFOV32EEE:
;__Lib_MathDouble.c,97 :: 		
0x0053	0x30FF      	MOVLW      255
;__Lib_MathDouble.c,99 :: 		
L_end_SETFOV32:
0x0054	0x0008      	RETURN
; end of _SETFOV32
_Compare_Double:
;__Lib_MathDouble.c,2053 :: 		
;__Lib_MathDouble.c,2062 :: 		
;__Lib_MathDouble.c,2064 :: 		
0x0055	0x1283      	BCF        STATUS, 5
;__Lib_MathDouble.c,2065 :: 		
0x0056	0x1303      	BCF        STATUS, 6
;__Lib_MathDouble.c,2067 :: 		
0x0057	0x01DA      	CLRF       R10
;__Lib_MathDouble.c,2068 :: 		
0x0058	0x0853      	MOVF       R3, 0
;__Lib_MathDouble.c,2069 :: 		
0x0059	0x1D03      	BTFSS      STATUS, 2
;__Lib_MathDouble.c,2070 :: 		
0x005A	0x145A      	BSF        R10, 0
;__Lib_MathDouble.c,2071 :: 		
0x005B	0x0857      	MOVF       R7, 0
;__Lib_MathDouble.c,2072 :: 		
0x005C	0x1D03      	BTFSS      STATUS, 2
;__Lib_MathDouble.c,2073 :: 		
0x005D	0x14DA      	BSF        R10, 1
;__Lib_MathDouble.c,2075 :: 		
0x005E	0x085A      	MOVF       R10, 0
;__Lib_MathDouble.c,2076 :: 		
0x005F	0x1903      	BTFSC      STATUS, 2
;__Lib_MathDouble.c,2077 :: 		
0x0060	0x28A1      	GOTO       COMPARE_EQU
;__Lib_MathDouble.c,2078 :: 		
0x0061	0x3A03      	XORLW      3
;__Lib_MathDouble.c,2079 :: 		
0x0062	0x1903      	BTFSC      STATUS, 2
;__Lib_MathDouble.c,2080 :: 		
0x0063	0x286C      	GOTO       COMPARE_NOTZERO
;__Lib_MathDouble.c,2082 :: 		
0x0064	0x185A      	BTFSC      R10, 0
;__Lib_MathDouble.c,2083 :: 		
0x0065	0x2869      	GOTO       COMPARE_XNOTZERO
;__Lib_MathDouble.c,2085 :: 		
0x0066	0x1FD6      	BTFSS      R6, 7
;__Lib_MathDouble.c,2086 :: 		
0x0067	0x289F      	GOTO       COMPARE_LT
;__Lib_MathDouble.c,2087 :: 		
0x0068	0x289D      	GOTO       COMPARE_GT
;__Lib_MathDouble.c,2088 :: 		
COMPARE_XNOTZERO:
;__Lib_MathDouble.c,2089 :: 		
0x0069	0x1FD2      	BTFSS      R2, 7
;__Lib_MathDouble.c,2090 :: 		
0x006A	0x289D      	GOTO       COMPARE_GT
;__Lib_MathDouble.c,2091 :: 		
0x006B	0x289F      	GOTO       COMPARE_LT
;__Lib_MathDouble.c,2093 :: 		
COMPARE_NOTZERO:
;__Lib_MathDouble.c,2094 :: 		
0x006C	0x0852      	MOVF       R2, 0
;__Lib_MathDouble.c,2095 :: 		
0x006D	0x3980      	ANDLW      128
;__Lib_MathDouble.c,2096 :: 		
0x006E	0x00DA      	MOVWF      R10
;__Lib_MathDouble.c,2097 :: 		
0x006F	0x13D2      	BCF        R2, 7
;__Lib_MathDouble.c,2099 :: 		
0x0070	0x0856      	MOVF       R6, 0
;__Lib_MathDouble.c,2100 :: 		
0x0071	0x3980      	ANDLW      128
;__Lib_MathDouble.c,2101 :: 		
0x0072	0x13D6      	BCF        R6, 7
;__Lib_MathDouble.c,2103 :: 		
0x0073	0x065A      	XORWF      R10, 0
;__Lib_MathDouble.c,2104 :: 		
0x0074	0x1903      	BTFSC      STATUS, 2
;__Lib_MathDouble.c,2105 :: 		
0x0075	0x287A      	GOTO       COMPARE_TESTALL
;__Lib_MathDouble.c,2107 :: 		
0x0076	0x085A      	MOVF       R10, 0
;__Lib_MathDouble.c,2108 :: 		
0x0077	0x1903      	BTFSC      STATUS, 2
;__Lib_MathDouble.c,2109 :: 		
0x0078	0x289D      	GOTO       COMPARE_GT
;__Lib_MathDouble.c,2110 :: 		
0x0079	0x289F      	GOTO       COMPARE_LT
;__Lib_MathDouble.c,2112 :: 		
COMPARE_TESTALL:
;__Lib_MathDouble.c,2113 :: 		
0x007A	0x0857      	MOVF       R7, 0
;__Lib_MathDouble.c,2114 :: 		
0x007B	0x0253      	SUBWF      R3, 0
;__Lib_MathDouble.c,2115 :: 		
0x007C	0x1903      	BTFSC      STATUS, 2
;__Lib_MathDouble.c,2116 :: 		
0x007D	0x2881      	GOTO       COMPARE_C1
;__Lib_MathDouble.c,2117 :: 		
0x007E	0x1C03      	BTFSS      STATUS, 0
;__Lib_MathDouble.c,2118 :: 		
0x007F	0x2895      	GOTO       GT_FALSE
;__Lib_MathDouble.c,2119 :: 		
0x0080	0x2899      	GOTO       GT_TRUE
;__Lib_MathDouble.c,2120 :: 		
COMPARE_C1:
;__Lib_MathDouble.c,2121 :: 		
0x0081	0x0856      	MOVF       R6, 0
;__Lib_MathDouble.c,2122 :: 		
0x0082	0x0252      	SUBWF      R2, 0
;__Lib_MathDouble.c,2123 :: 		
0x0083	0x1903      	BTFSC      STATUS, 2
;__Lib_MathDouble.c,2124 :: 		
0x0084	0x2888      	GOTO       COMPARE_C2
;__Lib_MathDouble.c,2125 :: 		
0x0085	0x1C03      	BTFSS      STATUS, 0
;__Lib_MathDouble.c,2126 :: 		
0x0086	0x2895      	GOTO       GT_FALSE
;__Lib_MathDouble.c,2127 :: 		
0x0087	0x2899      	GOTO       GT_TRUE
;__Lib_MathDouble.c,2128 :: 		
COMPARE_C2:
;__Lib_MathDouble.c,2129 :: 		
0x0088	0x0855      	MOVF       R5, 0
;__Lib_MathDouble.c,2130 :: 		
0x0089	0x0251      	SUBWF      R1, 0
;__Lib_MathDouble.c,2131 :: 		
0x008A	0x1903      	BTFSC      STATUS, 2
;__Lib_MathDouble.c,2132 :: 		
0x008B	0x288F      	GOTO       COMPARE_C3
;__Lib_MathDouble.c,2133 :: 		
0x008C	0x1C03      	BTFSS      STATUS, 0
;__Lib_MathDouble.c,2134 :: 		
0x008D	0x2895      	GOTO       GT_FALSE
;__Lib_MathDouble.c,2135 :: 		
0x008E	0x2899      	GOTO       GT_TRUE
;__Lib_MathDouble.c,2136 :: 		
COMPARE_C3:
;__Lib_MathDouble.c,2137 :: 		
0x008F	0x0854      	MOVF       R4, 0
;__Lib_MathDouble.c,2138 :: 		
0x0090	0x0250      	SUBWF      R0, 0
;__Lib_MathDouble.c,2139 :: 		
0x0091	0x1903      	BTFSC      STATUS, 2
;__Lib_MathDouble.c,2140 :: 		
0x0092	0x28A1      	GOTO       COMPARE_EQU
;__Lib_MathDouble.c,2141 :: 		
0x0093	0x1803      	BTFSC      STATUS, 0
;__Lib_MathDouble.c,2142 :: 		
0x0094	0x2899      	GOTO       GT_TRUE
;__Lib_MathDouble.c,2144 :: 		
GT_FALSE:
;__Lib_MathDouble.c,2145 :: 		
0x0095	0x08DA      	MOVF       R10, 1
;__Lib_MathDouble.c,2146 :: 		
0x0096	0x1903      	BTFSC      STATUS, 2
;__Lib_MathDouble.c,2147 :: 		
0x0097	0x289F      	GOTO       COMPARE_LT
;__Lib_MathDouble.c,2148 :: 		
0x0098	0x289D      	GOTO       COMPARE_GT
;__Lib_MathDouble.c,2149 :: 		
GT_TRUE:
;__Lib_MathDouble.c,2150 :: 		
0x0099	0x08DA      	MOVF       R10, 1
;__Lib_MathDouble.c,2151 :: 		
0x009A	0x1903      	BTFSC      STATUS, 2
;__Lib_MathDouble.c,2152 :: 		
0x009B	0x289D      	GOTO       COMPARE_GT
;__Lib_MathDouble.c,2153 :: 		
0x009C	0x289F      	GOTO       COMPARE_LT
;__Lib_MathDouble.c,2155 :: 		
COMPARE_GT:
;__Lib_MathDouble.c,2158 :: 		
0x009D	0x1403      	BSF        STATUS, 0
;__Lib_MathDouble.c,2159 :: 		
0x009E	0x0008      	RETURN
;__Lib_MathDouble.c,2160 :: 		
COMPARE_LT:
;__Lib_MathDouble.c,2163 :: 		
0x009F	0x1003      	BCF        STATUS, 0
;__Lib_MathDouble.c,2164 :: 		
0x00A0	0x0008      	RETURN
;__Lib_MathDouble.c,2165 :: 		
COMPARE_EQU:
;__Lib_MathDouble.c,2168 :: 		
0x00A1	0x1403      	BSF        STATUS, 0
;__Lib_MathDouble.c,2169 :: 		
0x00A2	0x1503      	BSF        STATUS, 2
;__Lib_MathDouble.c,2170 :: 		
0x00A3	0x0008      	RETURN
;__Lib_MathDouble.c,2172 :: 		
L_end_Compare_Double:
0x00A4	0x0008      	RETURN
; end of _Compare_Double
_Mul_32x32_FP:
;__Lib_MathDouble.c,610 :: 		
;__Lib_MathDouble.c,622 :: 		
;__Lib_MathDouble.c,624 :: 		
0x00A5	0x1283      	BCF        STATUS, 5
;__Lib_MathDouble.c,625 :: 		
0x00A6	0x1303      	BCF        STATUS, 6
;__Lib_MathDouble.c,627 :: 		
0x00A7	0x01DB      	CLRF       R11
;__Lib_MathDouble.c,628 :: 		
0x00A8	0x0853      	MOVF       R3, 0
;__Lib_MathDouble.c,629 :: 		
0x00A9	0x1D03      	BTFSS      STATUS, 2
;__Lib_MathDouble.c,630 :: 		
0x00AA	0x0857      	MOVF       R7, 0
;__Lib_MathDouble.c,631 :: 		
0x00AB	0x1903      	BTFSC      STATUS, 2
;__Lib_MathDouble.c,632 :: 		
0x00AC	0x28FC      	GOTO       JPMRES032
;__Lib_MathDouble.c,634 :: 		
0x00AD	0x0852      	MOVF       R2, 0
;__Lib_MathDouble.c,635 :: 		
0x00AE	0x0656      	XORWF      R6, 0
;__Lib_MathDouble.c,636 :: 		
0x00AF	0x00DA      	MOVWF      R10
;__Lib_MathDouble.c,637 :: 		
0x00B0	0x0857      	MOVF       R7, 0
;__Lib_MathDouble.c,638 :: 		
0x00B1	0x07D3      	ADDWF      R3, 1
;__Lib_MathDouble.c,639 :: 		
0x00B2	0x307E      	MOVLW      126
;__Lib_MathDouble.c,640 :: 		
0x00B3	0x1C03      	BTFSS      STATUS, 0
;__Lib_MathDouble.c,641 :: 		
0x00B4	0x28B9      	GOTO       MTUN32
;__Lib_MathDouble.c,642 :: 		
0x00B5	0x02D3      	SUBWF      R3, 1
;__Lib_MathDouble.c,643 :: 		
0x00B6	0x1803      	BTFSC      STATUS, 0
;__Lib_MathDouble.c,644 :: 		
0x00B7	0x28FF      	GOTO       JPMSETFOV32
;__Lib_MathDouble.c,645 :: 		
0x00B8	0x28BC      	GOTO       MOK32
;__Lib_MathDouble.c,646 :: 		
MTUN32:
;__Lib_MathDouble.c,647 :: 		
0x00B9	0x02D3      	SUBWF      R3, 1
;__Lib_MathDouble.c,648 :: 		
0x00BA	0x1C03      	BTFSS      STATUS, 0
;__Lib_MathDouble.c,649 :: 		
0x00BB	0x2902      	GOTO       JPMSETFUN32
;__Lib_MathDouble.c,650 :: 		
MOK32:
;__Lib_MathDouble.c,651 :: 		
0x00BC	0x0852      	MOVF       R2, 0
;__Lib_MathDouble.c,652 :: 		
0x00BD	0x00D8      	MOVWF      R8
;__Lib_MathDouble.c,653 :: 		
0x00BE	0x0851      	MOVF       R1, 0
;__Lib_MathDouble.c,654 :: 		
0x00BF	0x00DC      	MOVWF      R12
;__Lib_MathDouble.c,655 :: 		
0x00C0	0x0850      	MOVF       R0, 0
;__Lib_MathDouble.c,656 :: 		
0x00C1	0x00DD      	MOVWF      R13
;__Lib_MathDouble.c,657 :: 		
0x00C2	0x17D8      	BSF        R8, 7
;__Lib_MathDouble.c,658 :: 		
0x00C3	0x17D6      	BSF        R6, 7
;__Lib_MathDouble.c,659 :: 		
0x00C4	0x1003      	BCF        STATUS, 0
;__Lib_MathDouble.c,660 :: 		
0x00C5	0x01D2      	CLRF       R2
;__Lib_MathDouble.c,661 :: 		
0x00C6	0x01D1      	CLRF       R1
;__Lib_MathDouble.c,662 :: 		
0x00C7	0x01D0      	CLRF       R0
;__Lib_MathDouble.c,663 :: 		
0x00C8	0x3018      	MOVLW      24
;__Lib_MathDouble.c,664 :: 		
0x00C9	0x00A0      	MOVWF      __math_tempbD
;__Lib_MathDouble.c,665 :: 		
MLOOP32:
;__Lib_MathDouble.c,666 :: 		
0x00CA	0x1C5D      	BTFSS      R13, 0
;__Lib_MathDouble.c,667 :: 		
0x00CB	0x28D6      	GOTO       MNOADD32
;__Lib_MathDouble.c,669 :: 		
0x00CC	0x0854      	MOVF       R4, 0
;__Lib_MathDouble.c,670 :: 		
0x00CD	0x07D0      	ADDWF      R0, 1
;__Lib_MathDouble.c,671 :: 		
0x00CE	0x0855      	MOVF       R5, 0
;__Lib_MathDouble.c,672 :: 		
0x00CF	0x1803      	BTFSC      STATUS, 0
;__Lib_MathDouble.c,673 :: 		
0x00D0	0x0F55      	INCFSZ     R5, 0
;__Lib_MathDouble.c,674 :: 		
0x00D1	0x07D1      	ADDWF      R1, 1
;__Lib_MathDouble.c,675 :: 		
0x00D2	0x0856      	MOVF       R6, 0
;__Lib_MathDouble.c,676 :: 		
0x00D3	0x1803      	BTFSC      STATUS, 0
;__Lib_MathDouble.c,677 :: 		
0x00D4	0x0F56      	INCFSZ     R6, 0
;__Lib_MathDouble.c,678 :: 		
0x00D5	0x07D2      	ADDWF      R2, 1
;__Lib_MathDouble.c,679 :: 		
MNOADD32:
;__Lib_MathDouble.c,680 :: 		
0x00D6	0x0CD2      	RRF        R2, 1
;__Lib_MathDouble.c,681 :: 		
0x00D7	0x0CD1      	RRF        R1, 1
;__Lib_MathDouble.c,682 :: 		
0x00D8	0x0CD0      	RRF        R0, 1
;__Lib_MathDouble.c,683 :: 		
0x00D9	0x0CD8      	RRF        R8, 1
;__Lib_MathDouble.c,684 :: 		
0x00DA	0x0CDC      	RRF        R12, 1
;__Lib_MathDouble.c,685 :: 		
0x00DB	0x0CDD      	RRF        R13, 1
;__Lib_MathDouble.c,686 :: 		
0x00DC	0x1003      	BCF        STATUS, 0
;__Lib_MathDouble.c,687 :: 		
0x00DD	0x0BA0      	DECFSZ     __math_tempbD, 1
;__Lib_MathDouble.c,688 :: 		
0x00DE	0x28CA      	GOTO       MLOOP32
;__Lib_MathDouble.c,689 :: 		
0x00DF	0x1BD2      	BTFSC      R2, 7
;__Lib_MathDouble.c,690 :: 		
0x00E0	0x28E6      	GOTO       MROUND32
;__Lib_MathDouble.c,691 :: 		
0x00E1	0x0DD8      	RLF        R8, 1
;__Lib_MathDouble.c,692 :: 		
0x00E2	0x0DD0      	RLF        R0, 1
;__Lib_MathDouble.c,693 :: 		
0x00E3	0x0DD1      	RLF        R1, 1
;__Lib_MathDouble.c,694 :: 		
0x00E4	0x0DD2      	RLF        R2, 1
;__Lib_MathDouble.c,695 :: 		
0x00E5	0x03D3      	DECF       R3, 1
;__Lib_MathDouble.c,696 :: 		
MROUND32:
;__Lib_MathDouble.c,697 :: 		
0x00E6	0x1B5B      	BTFSC      R11, 6
;__Lib_MathDouble.c,698 :: 		
0x00E7	0x1C50      	BTFSS      R0, 0
;__Lib_MathDouble.c,699 :: 		
0x00E8	0x28F8      	GOTO       MUL32OK
;__Lib_MathDouble.c,700 :: 		
0x00E9	0x1FD8      	BTFSS      R8, 7
;__Lib_MathDouble.c,701 :: 		
0x00EA	0x28F8      	GOTO       MUL32OK
;__Lib_MathDouble.c,702 :: 		
0x00EB	0x0AD0      	INCF       R0, 1
;__Lib_MathDouble.c,703 :: 		
0x00EC	0x1903      	BTFSC      STATUS, 2
;__Lib_MathDouble.c,704 :: 		
0x00ED	0x0AD1      	INCF       R1, 1
;__Lib_MathDouble.c,705 :: 		
0x00EE	0x1903      	BTFSC      STATUS, 2
;__Lib_MathDouble.c,706 :: 		
0x00EF	0x0AD2      	INCF       R2, 1
;__Lib_MathDouble.c,707 :: 		
0x00F0	0x1D03      	BTFSS      STATUS, 2
;__Lib_MathDouble.c,708 :: 		
0x00F1	0x28F8      	GOTO       MUL32OK
;__Lib_MathDouble.c,709 :: 		
0x00F2	0x0CD2      	RRF        R2, 1
;__Lib_MathDouble.c,710 :: 		
0x00F3	0x0CD1      	RRF        R1, 1
;__Lib_MathDouble.c,711 :: 		
0x00F4	0x0CD0      	RRF        R0, 1
;__Lib_MathDouble.c,712 :: 		
0x00F5	0x0AD3      	INCF       R3, 1
;__Lib_MathDouble.c,713 :: 		
0x00F6	0x1903      	BTFSC      STATUS, 2
;__Lib_MathDouble.c,714 :: 		
0x00F7	0x28FF      	GOTO       JPMSETFOV32
;__Lib_MathDouble.c,715 :: 		
MUL32OK:
;__Lib_MathDouble.c,716 :: 		
0x00F8	0x1FDA      	BTFSS      R10, 7
;__Lib_MathDouble.c,717 :: 		
0x00F9	0x13D2      	BCF        R2, 7
;__Lib_MathDouble.c,718 :: 		
0x00FA	0x3000      	MOVLW      0
;__Lib_MathDouble.c,720 :: 		
0x00FB	0x2904      	GOTO       MUL32EEE
;__Lib_MathDouble.c,721 :: 		
JPMRES032:
;__Lib_MathDouble.c,722 :: 		
0x00FC	0x3001      	MOVLW      1
;__Lib_MathDouble.c,725 :: 		
0x00FD	0x2003      	CALL       _RES032
;__Lib_MathDouble.c,727 :: 		
0x00FE	0x2904      	GOTO       MUL32EEE
;__Lib_MathDouble.c,728 :: 		
JPMSETFOV32:
;__Lib_MathDouble.c,729 :: 		
0x00FF	0x3002      	MOVLW      2
;__Lib_MathDouble.c,732 :: 		
0x0100	0x2049      	CALL       _SETFOV32
;__Lib_MathDouble.c,734 :: 		
0x0101	0x2904      	GOTO       MUL32EEE
;__Lib_MathDouble.c,735 :: 		
JPMSETFUN32:
;__Lib_MathDouble.c,736 :: 		
0x0102	0x3004      	MOVLW      4
;__Lib_MathDouble.c,739 :: 		
0x0103	0x200A      	CALL       _SETFUN32
;__Lib_MathDouble.c,741 :: 		
MUL32EEE:
;__Lib_MathDouble.c,742 :: 		
0x0104	0x0000      	NOP
;__Lib_MathDouble.c,749 :: 		
L_end_Mul_32x32_FP:
0x0105	0x0008      	RETURN
; end of _Mul_32x32_FP
_word2double:
;__Lib_MathDouble.c,1862 :: 		
;__Lib_MathDouble.c,1868 :: 		
0x0106	0x1283      	BCF        STATUS, 5
;__Lib_MathDouble.c,1869 :: 		
0x0107	0x1303      	BCF        STATUS, 6
;__Lib_MathDouble.c,1870 :: 		
0x0108	0x0850      	MOVF       R0, 0
;__Lib_MathDouble.c,1871 :: 		
0x0109	0x00D8      	MOVWF      R8
;__Lib_MathDouble.c,1872 :: 		
0x010A	0x0851      	MOVF       R1, 0
;__Lib_MathDouble.c,1873 :: 		
0x010B	0x00D0      	MOVWF      R0
;__Lib_MathDouble.c,1874 :: 		
0x010C	0x01D1      	CLRF       R1
;__Lib_MathDouble.c,1875 :: 		
0x010D	0x01D2      	CLRF       R2
;__Lib_MathDouble.c,1876 :: 		
0x010E	0x01D3      	CLRF       R3
;__Lib_MathDouble.c,1879 :: 		
0x010F	0x01DB      	CLRF       R11
;__Lib_MathDouble.c,1880 :: 		
0x0110	0x01DC      	CLRF       R12
;__Lib_MathDouble.c,1882 :: 		
0x0111	0x3096      	MOVLW      150
;__Lib_MathDouble.c,1883 :: 		
0x0112	0x00D3      	MOVWF      R3
;__Lib_MathDouble.c,1884 :: 		
0x0113	0x01DA      	CLRF       R10
;__Lib_MathDouble.c,1886 :: 		
0x0114	0x0850      	MOVF       R0, 0
;__Lib_MathDouble.c,1887 :: 		
0x0115	0x00D1      	MOVWF      R1
;__Lib_MathDouble.c,1888 :: 		
0x0116	0x0858      	MOVF       R8, 0
;__Lib_MathDouble.c,1889 :: 		
0x0117	0x00D0      	MOVWF      R0
;__Lib_MathDouble.c,1890 :: 		
0x0118	0x01D8      	CLRF       R8
;__Lib_MathDouble.c,1891 :: 		
0x0119	0x01D2      	CLRF       R2
;__Lib_MathDouble.c,1893 :: 		
0x011A	0x201A      	CALL       _NRM3232
;__Lib_MathDouble.c,1894 :: 		
L_end_word2double:
0x011B	0x0008      	RETURN
; end of _word2double
_main:
;Controlador_Voltaje15V.c,2 :: 		void main() {
;Controlador_Voltaje15V.c,4 :: 		unsigned int pasos = 0;
;Controlador_Voltaje15V.c,5 :: 		float voltaje = 0;
;Controlador_Voltaje15V.c,9 :: 		TRISIO = 255;
0x011C	0x30FF      	MOVLW      255
0x011D	0x1683      	BSF        STATUS, 5
0x011E	0x0085      	MOVWF      TRISIO
;Controlador_Voltaje15V.c,10 :: 		delay_ms(50);
0x011F	0x3041      	MOVLW      65
0x0120	0x00DC      	MOVWF      R12
0x0121	0x30EE      	MOVLW      238
0x0122	0x00DD      	MOVWF      R13
L_main0:
0x0123	0x0BDD      	DECFSZ     R13, 1
0x0124	0x2923      	GOTO       L_main0
0x0125	0x0BDC      	DECFSZ     R12, 1
0x0126	0x2923      	GOTO       L_main0
0x0127	0x0000      	NOP
;Controlador_Voltaje15V.c,11 :: 		TRISIO = 0;
0x0128	0x0185      	CLRF       TRISIO
;Controlador_Voltaje15V.c,12 :: 		TRISIO.F0 = 1;
0x0129	0x1405      	BSF        TRISIO, 0
;Controlador_Voltaje15V.c,13 :: 		GPIO = 0;
0x012A	0x1283      	BCF        STATUS, 5
0x012B	0x0185      	CLRF       GPIO
;Controlador_Voltaje15V.c,14 :: 		delay_ms(50);
0x012C	0x3041      	MOVLW      65
0x012D	0x00DC      	MOVWF      R12
0x012E	0x30EE      	MOVLW      238
0x012F	0x00DD      	MOVWF      R13
L_main1:
0x0130	0x0BDD      	DECFSZ     R13, 1
0x0131	0x2930      	GOTO       L_main1
0x0132	0x0BDC      	DECFSZ     R12, 1
0x0133	0x2930      	GOTO       L_main1
0x0134	0x0000      	NOP
;Controlador_Voltaje15V.c,15 :: 		ANSEL = 0b00100001; //Fosc/32 -- ANS0 pin Analogo
0x0135	0x3021      	MOVLW      33
0x0136	0x1683      	BSF        STATUS, 5
0x0137	0x009F      	MOVWF      ANSEL
;Controlador_Voltaje15V.c,16 :: 		ADCON0 = 0b10000001; //Justificado a la izq. -- channel 00 -- Status 0   -- Convertidor A/D habilitado
0x0138	0x3081      	MOVLW      129
0x0139	0x1283      	BCF        STATUS, 5
0x013A	0x009F      	MOVWF      ADCON0
;Controlador_Voltaje15V.c,18 :: 		delay_ms(1);
0x013B	0x3002      	MOVLW      2
0x013C	0x00DC      	MOVWF      R12
0x013D	0x304B      	MOVLW      75
0x013E	0x00DD      	MOVWF      R13
L_main2:
0x013F	0x0BDD      	DECFSZ     R13, 1
0x0140	0x293F      	GOTO       L_main2
0x0141	0x0BDC      	DECFSZ     R12, 1
0x0142	0x293F      	GOTO       L_main2
;Controlador_Voltaje15V.c,20 :: 		while(1){
L_main3:
;Controlador_Voltaje15V.c,22 :: 		ADCON0.F1 = 1; //Comienza la conversion
0x0143	0x149F      	BSF        ADCON0, 1
;Controlador_Voltaje15V.c,23 :: 		delay_ms(1);
0x0144	0x3002      	MOVLW      2
0x0145	0x00DC      	MOVWF      R12
0x0146	0x304B      	MOVLW      75
0x0147	0x00DD      	MOVWF      R13
L_main5:
0x0148	0x0BDD      	DECFSZ     R13, 1
0x0149	0x2948      	GOTO       L_main5
0x014A	0x0BDC      	DECFSZ     R12, 1
0x014B	0x2948      	GOTO       L_main5
;Controlador_Voltaje15V.c,24 :: 		while(ADCON0.F1); //espera que la conversion termine para bajar el flag
L_main6:
0x014C	0x1C9F      	BTFSS      ADCON0, 1
0x014D	0x294F      	GOTO       L_main7
0x014E	0x294C      	GOTO       L_main6
L_main7:
;Controlador_Voltaje15V.c,25 :: 		pasos = ((ADRESH & 0x03 )<<8) + ADRESL;
0x014F	0x3003      	MOVLW      3
0x0150	0x051E      	ANDWF      ADRESH, 0
0x0151	0x00D3      	MOVWF      R3
0x0152	0x0853      	MOVF       R3, 0
0x0153	0x00D1      	MOVWF      R0+1
0x0154	0x01D0      	CLRF       R0
0x0155	0x1683      	BSF        STATUS, 5
0x0156	0x081E      	MOVF       ADRESL, 0
0x0157	0x07D0      	ADDWF      R0, 1
0x0158	0x1803      	BTFSC      STATUS, 0
0x0159	0x0AD1      	INCF       R0+1, 1
;Controlador_Voltaje15V.c,26 :: 		voltaje = pasos * resolucion;
0x015A	0x2106      	CALL       _word2double
0x015B	0x3052      	MOVLW      82
0x015C	0x00D4      	MOVWF      R4
0x015D	0x3049      	MOVLW      73
0x015E	0x00D5      	MOVWF      R4+1
0x015F	0x301D      	MOVLW      29
0x0160	0x00D6      	MOVWF      R4+2
0x0161	0x3077      	MOVLW      119
0x0162	0x00D7      	MOVWF      R4+3
0x0163	0x20A5      	CALL       _Mul_32x32_FP
;Controlador_Voltaje15V.c,29 :: 		if(voltaje > 3.8) //3.9V serían 12V aproximadamente a la entrada del circuito
0x0164	0x0850      	MOVF       R0, 0
0x0165	0x00D4      	MOVWF      R4
0x0166	0x0851      	MOVF       R0+1, 0
0x0167	0x00D5      	MOVWF      R4+1
0x0168	0x0852      	MOVF       R0+2, 0
0x0169	0x00D6      	MOVWF      R4+2
0x016A	0x0853      	MOVF       R0+3, 0
0x016B	0x00D7      	MOVWF      R4+3
0x016C	0x3033      	MOVLW      51
0x016D	0x00D0      	MOVWF      R0
0x016E	0x3033      	MOVLW      51
0x016F	0x00D1      	MOVWF      R0+1
0x0170	0x3073      	MOVLW      115
0x0171	0x00D2      	MOVWF      R0+2
0x0172	0x3080      	MOVLW      128
0x0173	0x00D3      	MOVWF      R0+3
0x0174	0x2055      	CALL       _Compare_Double
0x0175	0x3001      	MOVLW      1
0x0176	0x1803      	BTFSC      STATUS, 0
0x0177	0x3000      	MOVLW      0
0x0178	0x00D0      	MOVWF      R0
0x0179	0x0850      	MOVF       R0, 0
0x017A	0x1903      	BTFSC      STATUS, 2
0x017B	0x297E      	GOTO       L_main8
;Controlador_Voltaje15V.c,30 :: 		GPIO.F1 = 1;
0x017C	0x1485      	BSF        GPIO, 1
0x017D	0x297F      	GOTO       L_main9
L_main8:
;Controlador_Voltaje15V.c,32 :: 		GPIO.F1 = 0;
0x017E	0x1085      	BCF        GPIO, 1
L_main9:
;Controlador_Voltaje15V.c,40 :: 		}
0x017F	0x2943      	GOTO       L_main3
;Controlador_Voltaje15V.c,42 :: 		}
L_end_main:
0x0180	0x2980      	GOTO       $+0
; end of _main
Symbol List:
//** Routines locations **
//ADDRESS    SIZE    PROCEDURE
//----------------------------------------------
0x0003       [7]    _RES032
0x000A      [12]    _SETFUN32
0x0016       [4]    _FIXSIGN32
0x001A      [47]    _NRM3232
0x0049      [12]    _SETFOV32
0x0055      [80]    _Compare_Double
0x00A5      [97]    _Mul_32x32_FP
0x0106      [22]    _word2double
0x011C     [101]    _main
//** Variables locations ** 
//ADDRESS    SIZE    VARIABLE
//----------------------------------------------
0x0000       [1]    INDF
0x0003       [1]    STATUS
0x0004       [1]    FSR
0x0005       [1]    GPIO
0x000A       [1]    PCLATH
0x001E       [1]    ADRESH
0x001F       [1]    ADCON0
0x0020       [1]    __math_tempbD
0x0021       [2]    ___DoICPAddr
0x0050       [1]    R0
0x0051       [1]    R1
0x0052       [1]    R2
0x0053       [1]    R3
0x0054       [1]    R4
0x0055       [1]    R5
0x0056       [1]    R6
0x0057       [1]    R7
0x0058       [1]    R8
0x0059       [1]    R9
0x005A       [1]    R10
0x005B       [1]    R11
0x005C       [1]    R12
0x005D       [1]    R13
0x005E       [1]    R14
0x005F       [1]    R15
0x0085       [1]    TRISIO
0x009E       [1]    ADRESL
0x009F       [1]    ANSEL
